Time resolution is 1 ps
------------Start simulation 1-----------
----Start the data input(AXI-Stream)----
---- Check ap_idle = 1 ----
OK: exp =          4, rdata =          X
---- Check ap_idle = 1 ----
OK: exp =          4, rdata =          4
----Start the coefficient input(AXI-lite)----
 Check Coefficient ...
OK: exp =           0, rdata =           0
OK: exp =         -10, rdata =         -10
OK: exp =          -9, rdata =          -9
OK: exp =          23, rdata =          23
OK: exp =          56, rdata =          56
OK: exp =          63, rdata =          63
OK: exp =          56, rdata =          56
OK: exp =          23, rdata =          23
OK: exp =          -9, rdata =          -9
OK: exp =         -10, rdata =         -10
OK: exp =           0, rdata =           0
 Tape programming done ...
 Start FIR
----End the coefficient input(AXI-lite)----
---- Check ap_idle = 0 ----
OK: exp =          0, rdata =          0
[PASS] [Pattern          0] Golden answer:           0, Your answer:           0
[PASS] [Pattern          1] Golden answer:         -10, Your answer:         -10
[PASS] [Pattern          2] Golden answer:         -29, Your answer:         -29
[PASS] [Pattern          3] Golden answer:         -25, Your answer:         -25
[PASS] [Pattern          4] Golden answer:          35, Your answer:          35
[PASS] [Pattern          5] Golden answer:         158, Your answer:         158
[PASS] [Pattern          6] Golden answer:         337, Your answer:         337
[PASS] [Pattern          7] Golden answer:         539, Your answer:         539
[PASS] [Pattern          8] Golden answer:         732, Your answer:         732
[PASS] [Pattern          9] Golden answer:         915, Your answer:         915
[PASS] [Pattern         10] Golden answer:        1098, Your answer:        1098
[PASS] [Pattern         11] Golden answer:        1281, Your answer:        1281
[PASS] [Pattern         12] Golden answer:        1464, Your answer:        1464
[PASS] [Pattern         13] Golden answer:        1647, Your answer:        1647
[PASS] [Pattern         14] Golden answer:        1830, Your answer:        1830
[PASS] [Pattern         15] Golden answer:        2013, Your answer:        2013
[PASS] [Pattern         16] Golden answer:        2196, Your answer:        2196
[PASS] [Pattern         17] Golden answer:        2379, Your answer:        2379
[PASS] [Pattern         18] Golden answer:        2562, Your answer:        2562
[PASS] [Pattern         19] Golden answer:        2745, Your answer:        2745
[PASS] [Pattern         20] Golden answer:        2928, Your answer:        2928
[PASS] [Pattern         21] Golden answer:        3111, Your answer:        3111
[PASS] [Pattern         22] Golden answer:        3294, Your answer:        3294
[PASS] [Pattern         23] Golden answer:        3477, Your answer:        3477
[PASS] [Pattern         24] Golden answer:        3660, Your answer:        3660
[PASS] [Pattern         25] Golden answer:        3843, Your answer:        3843
[PASS] [Pattern         26] Golden answer:        4026, Your answer:        4026
[PASS] [Pattern         27] Golden answer:        4209, Your answer:        4209
[PASS] [Pattern         28] Golden answer:        4392, Your answer:        4392
[PASS] [Pattern         29] Golden answer:        4575, Your answer:        4575
[PASS] [Pattern         30] Golden answer:        4758, Your answer:        4758
[PASS] [Pattern         31] Golden answer:        4941, Your answer:        4941
[PASS] [Pattern         32] Golden answer:        5124, Your answer:        5124
[PASS] [Pattern         33] Golden answer:        5307, Your answer:        5307
[PASS] [Pattern         34] Golden answer:        5490, Your answer:        5490
[PASS] [Pattern         35] Golden answer:        5673, Your answer:        5673
[PASS] [Pattern         36] Golden answer:        5856, Your answer:        5856
[PASS] [Pattern         37] Golden answer:        6039, Your answer:        6039
[PASS] [Pattern         38] Golden answer:        6222, Your answer:        6222
[PASS] [Pattern         39] Golden answer:        6405, Your answer:        6405
[PASS] [Pattern         40] Golden answer:        6588, Your answer:        6588
[PASS] [Pattern         41] Golden answer:        6771, Your answer:        6771
[PASS] [Pattern         42] Golden answer:        6954, Your answer:        6954
[PASS] [Pattern         43] Golden answer:        7137, Your answer:        7137
[PASS] [Pattern         44] Golden answer:        7320, Your answer:        7320
[PASS] [Pattern         45] Golden answer:        7503, Your answer:        7503
[PASS] [Pattern         46] Golden answer:        7686, Your answer:        7686
[PASS] [Pattern         47] Golden answer:        7869, Your answer:        7869
[PASS] [Pattern         48] Golden answer:        8052, Your answer:        8052
[PASS] [Pattern         49] Golden answer:        8235, Your answer:        8235
[PASS] [Pattern         50] Golden answer:        8418, Your answer:        8418
[PASS] [Pattern         51] Golden answer:        8601, Your answer:        8601
[PASS] [Pattern         52] Golden answer:        8784, Your answer:        8784
[PASS] [Pattern         53] Golden answer:        8967, Your answer:        8967
[PASS] [Pattern         54] Golden answer:        9150, Your answer:        9150
[PASS] [Pattern         55] Golden answer:        9333, Your answer:        9333
[PASS] [Pattern         56] Golden answer:        9516, Your answer:        9516
[PASS] [Pattern         57] Golden answer:        9699, Your answer:        9699
[PASS] [Pattern         58] Golden answer:        9882, Your answer:        9882
[PASS] [Pattern         59] Golden answer:       10065, Your answer:       10065
[PASS] [Pattern         60] Golden answer:       10248, Your answer:       10248
[PASS] [Pattern         61] Golden answer:       10431, Your answer:       10431
[PASS] [Pattern         62] Golden answer:       10614, Your answer:       10614
